Time[ps]      Etot[eV]     Epot[eV]     Ekin[eV]    T[K]
0.0000         -585.193     -614.478       29.285  1132.8
0.0200         -585.916     -612.611       26.695  1032.6
0.0400         -585.121     -606.329       21.207   820.3
0.0600         -583.834     -606.647       22.813   882.4
0.0800         -583.341     -610.704       27.363  1058.5
0.1000         -583.450     -611.681       28.231  1092.0
Time[ps]      Etot[eV]     Epot[eV]     Ekin[eV]    T[K]
0.0000         -585.744     -613.386       27.643  1069.3
0.0200         -586.209     -611.875       25.666   992.8
0.0400         -585.145     -606.299       21.155   818.3
0.0600         -583.530     -606.329       22.799   881.9
0.0800         -582.827     -610.622       27.795  1075.2
0.1000         -582.926     -611.960       29.034  1123.1
Time[ps]      Etot[eV]     Epot[eV]     Ekin[eV]    T[K]
0.0000         -579.957     -612.132       32.175  1244.6
0.0200         -580.968     -610.933       29.965  1159.1
0.0400         -580.433     -604.733       24.300   940.0
0.0600         -579.185     -604.723       25.538   987.8
0.0800         -578.662     -607.489       28.827  1115.1
0.1000         -578.344     -607.037       28.693  1109.9
Time[ps]      Etot[eV]     Epot[eV]     Ekin[eV]    T[K]
0.0000         -646.672     -675.957       29.285  1132.8
0.0200         -647.825     -680.180       32.355  1251.5
0.0400         -649.411     -686.016       36.605  1415.9
0.0600         -651.272     -691.325       40.054  1549.3
